<?xml version="1.0" encoding="UTF-8"?>
<!-- Generated by org.testng.reporters.JUnitXMLReporter -->
<testsuite ignored="1" hostname="Anitha" failures="0" tests="3" name="AutomationTest" time="0.116" errors="0" timestamp="2025-01-06T16:51:28 IST">
  <testcase classname="testNGPack.TNG_001" name="f" time="0.012"/>
  <testcase classname="testNGPack.TNG_001" name="a" time="0.002"/>
  <testcase classname="testNGPack.NewTest" name="f" time="0.003"/>
  <testcase classname="testNGPack.TNG_001" name="z" time="0.0">
    <ignored/>
  </testcase> <!-- z -->
</testsuite> <!-- AutomationTest -->
