<?xml version="1.0" encoding="UTF-8"?>
<!-- Generated by org.testng.reporters.JUnitXMLReporter -->
<testsuite ignored="1" hostname="Anitha" failures="0" tests="4" name=" AtomationTest" time="0.503" errors="0" timestamp="2024-12-25T11:42:29 IST">
  <testcase classname="testNgpackage.tng_002" name="@BeforeMethod startUp" time="0.433">
    <failure type="java.lang.NullPointerException" message="Cannot invoke &amp;quot;org.openqa.selenium.WebDriver.manage()&amp;quot; because &amp;quot;nov20.BaseTest.driver&amp;quot; is null">
      <![CDATA[java.lang.NullPointerException: Cannot invoke "org.openqa.selenium.WebDriver.manage()" because "nov20.BaseTest.driver" is null
at nov20.BaseTest.launch(BaseTest.java:130)
at testNgpackage.tng_002.startUp(tng_002.java:30)
at java.base/java.util.ArrayList.forEach(ArrayList.java:1511)
... Removed 31 stack frames]]>
    </failure>
  </testcase> <!-- @BeforeMethod startUp -->
  <testcase classname="testNgpackage.tng_002" name="@AfterMethod packUp" time="-1.735107149214E9">
    <skipped/>
  </testcase> <!-- @AfterMethod packUp -->
  <testcase classname="testNgpackage.tng_001" name="f" time="0.009"/>
  <testcase classname="testNgpackage.tng_001" name="z" time="0.002"/>
  <testcase classname="testNgpackage.tng_002" name="amazonAction" time="0.0">
    <skipped/>
  </testcase> <!-- amazonAction -->
  <testcase classname="testNgpackage.NewTest" name="f" time="0.001"/>
  <testcase classname="testNgpackage.tng_001" name="a" time="0.0">
    <ignored/>
  </testcase> <!-- a -->
</testsuite> <!--  AtomationTest -->
